<?xml version="1.0" encoding="utf-8"?><testsuites><testsuite errors="0" failures="0" hostname="fbmt129" name="pytest" skipped="0" tests="14" time="20.549" timestamp="2020-09-02T16:46:50.528538"><testcase classname="test.unittests.test_LinearDataOperator.OperatorKspaceRadial" file="test/unittests/test_LinearDataOperator.py" line="132" name="test_adj_inplace" time="1.893"></testcase><testcase classname="test.unittests.test_LinearDataOperator.OperatorKspaceRadial" file="test/unittests/test_LinearDataOperator.py" line="113" name="test_adj_outofplace" time="1.825"></testcase><testcase classname="test.unittests.test_LinearDataOperator.OperatorKspaceCartesian" file="test/unittests/test_LinearDataOperator.py" line="235" name="test_adj_inplace" time="1.605"></testcase><testcase classname="test.unittests.test_LinearDataOperator.OperatorKspaceCartesian" file="test/unittests/test_LinearDataOperator.py" line="216" name="test_adj_outofplace" time="1.615"></testcase><testcase classname="test.unittests.test_LinearDataOperator.OperatorKspaceSMSCartesian" file="test/unittests/test_LinearDataOperator.py" line="343" name="test_adj_inplace" time="1.078"></testcase><testcase classname="test.unittests.test_LinearDataOperator.OperatorKspaceSMSCartesian" file="test/unittests/test_LinearDataOperator.py" line="324" name="test_adj_outofplace" time="1.085"></testcase><testcase classname="test.unittests.test_LinearDataOperator.OperatorImageSpace" file="test/unittests/test_LinearDataOperator.py" line="435" name="test_adj_inplace" time="0.467"></testcase><testcase classname="test.unittests.test_LinearDataOperator.OperatorImageSpace" file="test/unittests/test_LinearDataOperator.py" line="416" name="test_adj_outofplace" time="0.472"></testcase><testcase classname="test.unittests.test_LinearDataOperator.OperatorImageSpaceStreamed" file="test/unittests/test_LinearDataOperator.py" line="521" name="test_adj_inplace" time="0.502"></testcase><testcase classname="test.unittests.test_LinearDataOperator.OperatorImageSpaceStreamed" file="test/unittests/test_LinearDataOperator.py" line="507" name="test_adj_outofplace" time="0.516"></testcase><testcase classname="test.unittests.test_LinearDataOperator.OperatorCartesianKSpaceStreamed" file="test/unittests/test_LinearDataOperator.py" line="611" name="test_adj_inplace" time="1.735"></testcase><testcase classname="test.unittests.test_LinearDataOperator.OperatorCartesianKSpaceStreamed" file="test/unittests/test_LinearDataOperator.py" line="597" name="test_adj_outofplace" time="1.784"></testcase><testcase classname="test.unittests.test_LinearDataOperator.OperatorKspaceSMSCartesianStreamed" file="test/unittests/test_LinearDataOperator.py" line="705" name="test_adj_inplace" time="1.455"></testcase><testcase classname="test.unittests.test_LinearDataOperator.OperatorKspaceSMSCartesianStreamed" file="test/unittests/test_LinearDataOperator.py" line="691" name="test_adj_outofplace" time="1.527"></testcase><testcase time="0.000"></testcase></testsuite></testsuites>